<?xml version="1.0" encoding="UTF-8"?>
<robot generator="Robot 3.2.1 (Python 3.8.5 on win32)" generated="20200807 15:12:15.462" rpa="false">
<suite id="s1" name="TC01" source="C:\Projetos\Automation Practice\TestCases\TC01.robot">
<test id="s1-t1" name="Cenário 01: Garantir que ao clicar no header está direcionando para a homepage">
<kw name="Dado que esteja na tela HOME do site Automation Practice" library="base">
<kw name="Run Keyword" library="BuiltIn">
<doc>Executes the given keyword with the given arguments.</doc>
<arguments>
<arg>${keyword}</arg>
</arguments>
<kw name="Que esteja na tela HOME do site Automation Practice" library="homepage">
<kw name="Acessar site Automation Practice" library="homepage">
<kw name="Abrir Navegador" library="base">
<arguments>
<arg>${url}</arg>
<arg>${browser}</arg>
</arguments>
<kw name="Open Browser" library="SeleniumLibrary">
<doc>Opens a new browser instance to the optional ``url``.</doc>
<arguments>
<arg>${url}</arg>
<arg>${browser}</arg>
</arguments>
<msg timestamp="20200807 15:12:15.652" level="INFO">Opening browser 'chrome' to base url 'http://automationpractice.com/'.</msg>
<status status="PASS" starttime="20200807 15:12:15.652" endtime="20200807 15:12:26.760"></status>
</kw>
<kw name="Maximize Browser Window" library="SeleniumLibrary">
<doc>Maximizes current browser window.</doc>
<status status="PASS" starttime="20200807 15:12:26.760" endtime="20200807 15:12:28.881"></status>
</kw>
<status status="PASS" starttime="20200807 15:12:15.652" endtime="20200807 15:12:28.881"></status>
</kw>
<status status="PASS" starttime="20200807 15:12:15.651" endtime="20200807 15:12:28.881"></status>
</kw>
<status status="PASS" starttime="20200807 15:12:15.651" endtime="20200807 15:12:28.881"></status>
</kw>
<status status="PASS" starttime="20200807 15:12:15.651" endtime="20200807 15:12:28.881"></status>
</kw>
<status status="PASS" starttime="20200807 15:12:15.650" endtime="20200807 15:12:28.881"></status>
</kw>
<kw name="Quando clicar no link GET SAVINGS NOW" library="base">
<kw name="Run Keyword" library="BuiltIn">
<doc>Executes the given keyword with the given arguments.</doc>
<arguments>
<arg>${keyword}</arg>
</arguments>
<kw name="Clicar no link GET SAVINGS NOW" library="homepage">
<kw name="Clicar em GET SAVINGS NOW" library="homepage">
<kw name="Clicar" library="base">
<arguments>
<arg>${header_get_savings_now}</arg>
</arguments>
<kw name="Wait Until Element Is Visible" library="SeleniumLibrary">
<doc>Waits until the element ``locator`` is visible.</doc>
<arguments>
<arg>${element}</arg>
<arg>5</arg>
</arguments>
<status status="PASS" starttime="20200807 15:12:28.886" endtime="20200807 15:12:28.915"></status>
</kw>
<kw name="Click Element" library="SeleniumLibrary">
<doc>Click the element identified by ``locator``.</doc>
<arguments>
<arg>${element}</arg>
</arguments>
<msg timestamp="20200807 15:12:28.915" level="INFO">Clicking element '//*[@id="header"]/div[1]/div/div/a/img'.</msg>
<status status="PASS" starttime="20200807 15:12:28.915" endtime="20200807 15:12:30.345"></status>
</kw>
<status status="PASS" starttime="20200807 15:12:28.886" endtime="20200807 15:12:30.346"></status>
</kw>
<status status="PASS" starttime="20200807 15:12:28.884" endtime="20200807 15:12:30.346"></status>
</kw>
<status status="PASS" starttime="20200807 15:12:28.883" endtime="20200807 15:12:30.346"></status>
</kw>
<status status="PASS" starttime="20200807 15:12:28.882" endtime="20200807 15:12:30.346"></status>
</kw>
<status status="PASS" starttime="20200807 15:12:28.882" endtime="20200807 15:12:30.346"></status>
</kw>
<kw name="Então a tela HOME deve ser mostrada" library="base">
<kw name="Run Keyword" library="BuiltIn">
<doc>Executes the given keyword with the given arguments.</doc>
<arguments>
<arg>${keyword}</arg>
</arguments>
<kw name="A tela HOME deve ser mostrada" library="homepage">
<kw name="Verificar tela Home" library="homepage">
<kw name="Verificar Tela" library="base">
<arguments>
<arg>${title}</arg>
<arg>My Store</arg>
</arguments>
<kw name="Wait Until Element Is Visible" library="SeleniumLibrary">
<doc>Waits until the element ``locator`` is visible.</doc>
<arguments>
<arg>${title}</arg>
<arg>5</arg>
</arguments>
<status status="PASS" starttime="20200807 15:12:30.351" endtime="20200807 15:12:30.389"></status>
</kw>
<kw name="Title Should Be" library="SeleniumLibrary">
<doc>Verifies that the current page title equals ``title``.</doc>
<arguments>
<arg>${text}</arg>
</arguments>
<msg timestamp="20200807 15:12:30.394" level="INFO">Page title is 'My Store'.</msg>
<status status="PASS" starttime="20200807 15:12:30.389" endtime="20200807 15:12:30.394"></status>
</kw>
<status status="PASS" starttime="20200807 15:12:30.350" endtime="20200807 15:12:30.394"></status>
</kw>
<status status="PASS" starttime="20200807 15:12:30.349" endtime="20200807 15:12:30.394"></status>
</kw>
<status status="PASS" starttime="20200807 15:12:30.348" endtime="20200807 15:12:30.394"></status>
</kw>
<status status="PASS" starttime="20200807 15:12:30.347" endtime="20200807 15:12:30.394"></status>
</kw>
<status status="PASS" starttime="20200807 15:12:30.347" endtime="20200807 15:12:30.394"></status>
</kw>
<status status="PASS" starttime="20200807 15:12:15.649" endtime="20200807 15:12:30.395" critical="yes"></status>
</test>
<kw name="Fechar Navegador" library="base" type="teardown">
<kw name="Close Browser" library="SeleniumLibrary">
<doc>Closes the current browser.</doc>
<status status="PASS" starttime="20200807 15:12:30.396" endtime="20200807 15:12:32.535"></status>
</kw>
<status status="PASS" starttime="20200807 15:12:30.396" endtime="20200807 15:12:32.535"></status>
</kw>
<status status="PASS" starttime="20200807 15:12:15.464" endtime="20200807 15:12:32.536"></status>
</suite>
<statistics>
<total>
<stat pass="1" fail="0">Critical Tests</stat>
<stat pass="1" fail="0">All Tests</stat>
</total>
<tag>
</tag>
<suite>
<stat pass="1" fail="0" id="s1" name="TC01">TC01</stat>
</suite>
</statistics>
<errors>
</errors>
</robot>
