<?xml version="1.0" encoding="UTF-8"?>
<robot generator="Robot 3.2.1 (Python 3.8.5 on win32)" generated="20200807 13:12:30.665" rpa="false">
<suite id="s1" name="TC01" source="C:\Projetos\Automation Practice\TestCases\TC01.robot">
<test id="s1-t1" name="Cenário 01: Garantir que ao clicar no header está direcionando para a homepage">
<kw name="Dado que esteja na tela HOME do site Automation Practice" library="base">
<kw name="Run Keyword" library="BuiltIn">
<doc>Executes the given keyword with the given arguments.</doc>
<arguments>
<arg>${keyword}</arg>
</arguments>
<kw name="Que esteja na tela HOME do site Automation Practice" library="homepage">
<kw name="Acessar site Automation Practice" library="homepage">
<kw name="Abrir Navegador" library="base">
<arguments>
<arg>${url}</arg>
<arg>${browser}</arg>
</arguments>
<kw name="Open Browser" library="SeleniumLibrary">
<doc>Opens a new browser instance to the optional ``url``.</doc>
<arguments>
<arg>${url}</arg>
<arg>${browser}</arg>
</arguments>
<msg timestamp="20200807 13:12:30.855" level="INFO">Opening browser 'chrome' to base url 'http://automationpractice.com/'.</msg>
<status status="PASS" starttime="20200807 13:12:30.855" endtime="20200807 13:12:38.993"></status>
</kw>
<kw name="Maximize Browser Window" library="SeleniumLibrary">
<doc>Maximizes current browser window.</doc>
<status status="PASS" starttime="20200807 13:12:38.993" endtime="20200807 13:12:41.113"></status>
</kw>
<status status="PASS" starttime="20200807 13:12:30.854" endtime="20200807 13:12:41.114"></status>
</kw>
<status status="PASS" starttime="20200807 13:12:30.854" endtime="20200807 13:12:41.114"></status>
</kw>
<status status="PASS" starttime="20200807 13:12:30.854" endtime="20200807 13:12:41.114"></status>
</kw>
<status status="PASS" starttime="20200807 13:12:30.854" endtime="20200807 13:12:41.114"></status>
</kw>
<status status="PASS" starttime="20200807 13:12:30.853" endtime="20200807 13:12:41.114"></status>
</kw>
<kw name="Quando clicar no link GET SAVINGS NOW" library="base">
<kw name="Run Keyword" library="BuiltIn">
<doc>Executes the given keyword with the given arguments.</doc>
<arguments>
<arg>${keyword}</arg>
</arguments>
<kw name="Clicar no link GET SAVINGS NOW" library="homepage">
<kw name="Clicar em GET SAVINGS NOW" library="homepage">
<kw name="Clicar" library="base">
<arguments>
<arg>${header_get_savings_now}</arg>
</arguments>
<kw name="Wait Until Element Is Visible" library="SeleniumLibrary">
<doc>Waits until the element ``locator`` is visible.</doc>
<arguments>
<arg>${element}</arg>
<arg>5</arg>
</arguments>
<status status="PASS" starttime="20200807 13:12:41.118" endtime="20200807 13:12:41.156"></status>
</kw>
<kw name="Click Element" library="SeleniumLibrary">
<doc>Click the element identified by ``locator``.</doc>
<arguments>
<arg>${element}</arg>
</arguments>
<msg timestamp="20200807 13:12:41.157" level="INFO">Clicking element '//*[@id="header"]/div[1]/div/div/a/img'.</msg>
<status status="PASS" starttime="20200807 13:12:41.157" endtime="20200807 13:12:43.016"></status>
</kw>
<status status="PASS" starttime="20200807 13:12:41.117" endtime="20200807 13:12:43.016"></status>
</kw>
<status status="PASS" starttime="20200807 13:12:41.117" endtime="20200807 13:12:43.016"></status>
</kw>
<status status="PASS" starttime="20200807 13:12:41.116" endtime="20200807 13:12:43.016"></status>
</kw>
<status status="PASS" starttime="20200807 13:12:41.115" endtime="20200807 13:12:43.016"></status>
</kw>
<status status="PASS" starttime="20200807 13:12:41.115" endtime="20200807 13:12:43.016"></status>
</kw>
<kw name="Então a tela HOME deve ser mostrada" library="base">
<kw name="Run Keyword" library="BuiltIn">
<doc>Executes the given keyword with the given arguments.</doc>
<arguments>
<arg>${keyword}</arg>
</arguments>
<kw name="A tela HOME deve ser mostrada" library="homepage">
<kw name="Verificar tela Home" library="homepage">
<kw name="Verificar Tela" library="base">
<arguments>
<arg>${title}</arg>
<arg>My Store</arg>
</arguments>
<kw name="Wait Until Element Is Visible" library="SeleniumLibrary">
<doc>Waits until the element ``locator`` is visible.</doc>
<arguments>
<arg>${title}</arg>
<arg>5</arg>
</arguments>
<status status="PASS" starttime="20200807 13:12:43.019" endtime="20200807 13:12:43.054"></status>
</kw>
<kw name="Title Should Be" library="SeleniumLibrary">
<doc>Verifies that the current page title equals ``title``.</doc>
<arguments>
<arg>${text}</arg>
</arguments>
<msg timestamp="20200807 13:12:43.058" level="INFO">Page title is 'My Store'.</msg>
<status status="PASS" starttime="20200807 13:12:43.054" endtime="20200807 13:12:43.058"></status>
</kw>
<status status="PASS" starttime="20200807 13:12:43.018" endtime="20200807 13:12:43.059"></status>
</kw>
<status status="PASS" starttime="20200807 13:12:43.018" endtime="20200807 13:12:43.059"></status>
</kw>
<status status="PASS" starttime="20200807 13:12:43.018" endtime="20200807 13:12:43.059"></status>
</kw>
<status status="PASS" starttime="20200807 13:12:43.018" endtime="20200807 13:12:43.059"></status>
</kw>
<status status="PASS" starttime="20200807 13:12:43.017" endtime="20200807 13:12:43.059"></status>
</kw>
<status status="PASS" starttime="20200807 13:12:30.852" endtime="20200807 13:12:43.059" critical="yes"></status>
</test>
<kw name="Fechar Navegador" library="base" type="teardown">
<kw name="Close Browser" library="SeleniumLibrary">
<doc>Closes the current browser.</doc>
<status status="PASS" starttime="20200807 13:12:43.061" endtime="20200807 13:12:45.188"></status>
</kw>
<status status="PASS" starttime="20200807 13:12:43.061" endtime="20200807 13:12:45.189"></status>
</kw>
<status status="PASS" starttime="20200807 13:12:30.667" endtime="20200807 13:12:45.189"></status>
</suite>
<statistics>
<total>
<stat pass="1" fail="0">Critical Tests</stat>
<stat pass="1" fail="0">All Tests</stat>
</total>
<tag>
</tag>
<suite>
<stat pass="1" fail="0" id="s1" name="TC01">TC01</stat>
</suite>
</statistics>
<errors>
</errors>
</robot>
