<?xml version="1.0" encoding="UTF-8"?>
<robot generator="Robot 3.2.1 (Python 3.8.5 on win32)" generated="20200812 12:29:26.591" rpa="false">
<suite id="s1" name="TC14" source="C:\Projetos\Automation_Practice\TestCases\TC14.robot">
<test id="s1-t1" name="Cenário 01: Garantir que ao utilizar o filtro os produtos são ordenados adequadamente">
<kw name="Abrir Navegador" library="base" type="setup">
<arguments>
<arg>url=about:blank</arg>
<arg>browser=chrome</arg>
</arguments>
<kw name="Open Browser" library="SeleniumLibrary">
<doc>Opens a new browser instance to the optional ``url``.</doc>
<arguments>
<arg>${url}</arg>
<arg>${browser}</arg>
</arguments>
<msg timestamp="20200812 12:29:26.836" level="INFO">Opening browser 'chrome' to base url 'about:blank'.</msg>
<status status="PASS" starttime="20200812 12:29:26.835" endtime="20200812 12:29:29.937"></status>
</kw>
<kw name="Maximize Browser Window" library="SeleniumLibrary">
<doc>Maximizes current browser window.</doc>
<status status="PASS" starttime="20200812 12:29:29.937" endtime="20200812 12:29:32.073"></status>
</kw>
<status status="PASS" starttime="20200812 12:29:26.835" endtime="20200812 12:29:32.074"></status>
</kw>
<kw name="Dado que esteja na tela HOME do site Automation Practice" library="base">
<kw name="Run Keyword" library="BuiltIn">
<doc>Executes the given keyword with the given arguments.</doc>
<arguments>
<arg>${keyword}</arg>
</arguments>
<kw name="Que esteja na tela HOME do site Automation Practice" library="Step_homepage">
<kw name="Acessar site Automation Practice" library="homepage">
<kw name="Go To" library="SeleniumLibrary">
<doc>Navigates the current browser window to the provided ``url``.</doc>
<arguments>
<arg>http://automationpractice.com/</arg>
</arguments>
<msg timestamp="20200812 12:29:32.076" level="INFO">Opening url 'http://automationpractice.com/'</msg>
<status status="PASS" starttime="20200812 12:29:32.076" endtime="20200812 12:29:36.589"></status>
</kw>
<status status="PASS" starttime="20200812 12:29:32.076" endtime="20200812 12:29:36.589"></status>
</kw>
<status status="PASS" starttime="20200812 12:29:32.075" endtime="20200812 12:29:36.589"></status>
</kw>
<status status="PASS" starttime="20200812 12:29:32.075" endtime="20200812 12:29:36.589"></status>
</kw>
<status status="PASS" starttime="20200812 12:29:32.075" endtime="20200812 12:29:36.590"></status>
</kw>
<kw name="Quando clicar no Submenu Women&gt;T-shirts" library="base">
<kw name="Run Keyword" library="BuiltIn">
<doc>Executes the given keyword with the given arguments.</doc>
<arguments>
<arg>${keyword}</arg>
</arguments>
<kw name="Clicar no Submenu Women&gt;T-shirts" library="homepage">
<kw name="Posicionar Mouse" library="base">
<arguments>
<arg>${menu_women}</arg>
</arguments>
<kw name="Wait Until Element Is Visible" library="SeleniumLibrary">
<doc>Waits until the element ``locator`` is visible.</doc>
<arguments>
<arg>${element}</arg>
<arg>5</arg>
</arguments>
<status status="PASS" starttime="20200812 12:29:36.592" endtime="20200812 12:29:36.619"></status>
</kw>
<kw name="Mouse Over" library="SeleniumLibrary">
<doc>Simulates hovering the mouse over the element ``locator``.</doc>
<arguments>
<arg>${element}</arg>
</arguments>
<msg timestamp="20200812 12:29:36.619" level="INFO">Simulating Mouse Over on element '//*[@id="block_top_menu"]/ul/li[1]/a'.</msg>
<status status="PASS" starttime="20200812 12:29:36.619" endtime="20200812 12:29:36.895"></status>
</kw>
<status status="PASS" starttime="20200812 12:29:36.591" endtime="20200812 12:29:36.896"></status>
</kw>
<kw name="Clicar" library="base">
<arguments>
<arg>${women_submenu_tshirts}</arg>
</arguments>
<kw name="Wait Until Element Is Visible" library="SeleniumLibrary">
<doc>Waits until the element ``locator`` is visible.</doc>
<arguments>
<arg>${element}</arg>
<arg>5</arg>
</arguments>
<status status="PASS" starttime="20200812 12:29:36.896" endtime="20200812 12:29:36.921"></status>
</kw>
<kw name="Click Element" library="SeleniumLibrary">
<doc>Click the element identified by ``locator``.</doc>
<arguments>
<arg>${element}</arg>
</arguments>
<msg timestamp="20200812 12:29:36.921" level="INFO">Clicking element '//*[@id="block_top_menu"]/ul/li[1]/ul/li[1]/ul/li[1]/a'.</msg>
<status status="PASS" starttime="20200812 12:29:36.921" endtime="20200812 12:29:39.296"></status>
</kw>
<status status="PASS" starttime="20200812 12:29:36.896" endtime="20200812 12:29:39.296"></status>
</kw>
<status status="PASS" starttime="20200812 12:29:36.591" endtime="20200812 12:29:39.297"></status>
</kw>
<status status="PASS" starttime="20200812 12:29:36.591" endtime="20200812 12:29:39.297"></status>
</kw>
<status status="PASS" starttime="20200812 12:29:36.590" endtime="20200812 12:29:39.297"></status>
</kw>
<kw name="Então a tela de t-shirts de ser mostrada" library="base">
<kw name="Run Keyword" library="BuiltIn">
<doc>Executes the given keyword with the given arguments.</doc>
<arguments>
<arg>${keyword}</arg>
</arguments>
<kw name="A tela de t-shirts de ser mostrada" library="Step_tshirts">
<kw name="Verificar tela T-shirts" library="tshirts">
<kw name="Verificar Tela" library="base">
<arguments>
<arg>${title}</arg>
<arg>T-shirts - My Store</arg>
</arguments>
<kw name="Wait Until Element Is Visible" library="SeleniumLibrary">
<doc>Waits until the element ``locator`` is visible.</doc>
<arguments>
<arg>${element}</arg>
<arg>5</arg>
</arguments>
<status status="PASS" starttime="20200812 12:29:39.302" endtime="20200812 12:29:39.322"></status>
</kw>
<kw name="Title Should Be" library="SeleniumLibrary">
<doc>Verifies that the current page title equals ``title``.</doc>
<arguments>
<arg>${text}</arg>
</arguments>
<msg timestamp="20200812 12:29:39.326" level="INFO">Page title is 'T-shirts - My Store'.</msg>
<status status="PASS" starttime="20200812 12:29:39.322" endtime="20200812 12:29:39.327"></status>
</kw>
<status status="PASS" starttime="20200812 12:29:39.301" endtime="20200812 12:29:39.327"></status>
</kw>
<status status="PASS" starttime="20200812 12:29:39.300" endtime="20200812 12:29:39.327"></status>
</kw>
<status status="PASS" starttime="20200812 12:29:39.300" endtime="20200812 12:29:39.327"></status>
</kw>
<status status="PASS" starttime="20200812 12:29:39.299" endtime="20200812 12:29:39.327"></status>
</kw>
<status status="PASS" starttime="20200812 12:29:39.298" endtime="20200812 12:29:39.327"></status>
</kw>
<kw name="E ao utilizar o filtro os produtos são ordenados adequadamente" library="base">
<kw name="Run Keyword" library="BuiltIn">
<doc>Executes the given keyword with the given arguments.</doc>
<arguments>
<arg>${keyword}</arg>
</arguments>
<kw name="Ao utilizar o filtro os produtos são ordenados adequadamente" library="Step_tshirts">
<kw name="Verificar exibicao do combo" library="tshirts">
<kw name="Scroll Page To Location" library="base">
<arguments>
<arg>0</arg>
<arg>300</arg>
</arguments>
<kw name="Execute Javascript" library="SeleniumLibrary">
<doc>Executes the given JavaScript code with possible arguments.</doc>
<arguments>
<arg>window.scrollTo(${x_location},${y_location})</arg>
</arguments>
<msg timestamp="20200812 12:29:39.330" level="INFO">Executing JavaScript:
window.scrollTo(0,300)
Without any arguments.</msg>
<status status="PASS" starttime="20200812 12:29:39.330" endtime="20200812 12:29:39.335"></status>
</kw>
<kw name="Sleep" library="BuiltIn">
<doc>Pauses the test executed for the given time.</doc>
<arguments>
<arg>2</arg>
</arguments>
<msg timestamp="20200812 12:29:41.338" level="INFO">Slept 2 seconds</msg>
<status status="PASS" starttime="20200812 12:29:39.335" endtime="20200812 12:29:41.338"></status>
</kw>
<status status="PASS" starttime="20200812 12:29:39.329" endtime="20200812 12:29:41.338"></status>
</kw>
<status status="PASS" starttime="20200812 12:29:39.329" endtime="20200812 12:29:41.339"></status>
</kw>
<kw name="Selecionar Sort by Price: Lowest first" library="tshirts">
<kw name="Selecionar Opcao no combo" library="base">
<arguments>
<arg>${combo_sort_by}</arg>
<arg>1</arg>
</arguments>
<kw name="Select From List By Index" library="SeleniumLibrary">
<doc>Selects options from selection list ``locator`` by ``indexes``.</doc>
<arguments>
<arg>${element}</arg>
<arg>${option}</arg>
</arguments>
<msg timestamp="20200812 12:29:41.342" level="INFO">Selecting options from selection list '//*[@id="selectProductSort"]' by index 1.</msg>
<status status="PASS" starttime="20200812 12:29:41.341" endtime="20200812 12:29:41.449"></status>
</kw>
<status status="PASS" starttime="20200812 12:29:41.340" endtime="20200812 12:29:41.449"></status>
</kw>
<kw name="Verificar Elemento" library="base">
<arguments>
<arg>${img_carregando}</arg>
</arguments>
<kw name="Wait Until Element Is Visible" library="SeleniumLibrary">
<doc>Waits until the element ``locator`` is visible.</doc>
<arguments>
<arg>${element}</arg>
<arg>5</arg>
</arguments>
<status status="PASS" starttime="20200812 12:29:41.450" endtime="20200812 12:29:41.470"></status>
</kw>
<status status="PASS" starttime="20200812 12:29:41.449" endtime="20200812 12:29:41.471"></status>
</kw>
<status status="PASS" starttime="20200812 12:29:41.339" endtime="20200812 12:29:41.471"></status>
</kw>
<kw name="Verificar ordenacao dos produtos" library="tshirts">
<kw name="Verificar Elemento" library="base">
<arguments>
<arg>${img_carregando}</arg>
</arguments>
<kw name="Wait Until Element Is Visible" library="SeleniumLibrary">
<doc>Waits until the element ``locator`` is visible.</doc>
<arguments>
<arg>${element}</arg>
<arg>5</arg>
</arguments>
<status status="PASS" starttime="20200812 12:29:41.472" endtime="20200812 12:29:41.487"></status>
</kw>
<status status="PASS" starttime="20200812 12:29:41.471" endtime="20200812 12:29:41.487"></status>
</kw>
<kw name="Verificar Nao Exibicao da Imagem" library="base">
<arguments>
<arg>${img_carregando}</arg>
</arguments>
<kw name="Wait Until Element Is Not Visible" library="SeleniumLibrary">
<doc>Waits until the element ``locator`` is not visible.</doc>
<arguments>
<arg>${element}</arg>
<arg>5</arg>
<arg>Imagem visível</arg>
</arguments>
<kw name="Capture Page Screenshot" library="SeleniumLibrary">
<doc>Takes a screenshot of the current page and embeds it into a log file.</doc>
<msg timestamp="20200812 12:29:46.982" level="INFO" html="yes">&lt;/td&gt;&lt;/tr&gt;&lt;tr&gt;&lt;td colspan="3"&gt;&lt;a href="selenium-screenshot-4.png"&gt;&lt;img src="selenium-screenshot-4.png" width="800px"&gt;&lt;/a&gt;</msg>
<status status="PASS" starttime="20200812 12:29:46.655" endtime="20200812 12:29:46.982"></status>
</kw>
<msg timestamp="20200812 12:29:46.983" level="FAIL">Imagem visível</msg>
<status status="FAIL" starttime="20200812 12:29:41.488" endtime="20200812 12:29:46.983"></status>
</kw>
<status status="FAIL" starttime="20200812 12:29:41.488" endtime="20200812 12:29:46.983"></status>
</kw>
<status status="FAIL" starttime="20200812 12:29:41.471" endtime="20200812 12:29:46.984"></status>
</kw>
<status status="FAIL" starttime="20200812 12:29:39.329" endtime="20200812 12:29:46.984"></status>
</kw>
<status status="FAIL" starttime="20200812 12:29:39.328" endtime="20200812 12:29:46.984"></status>
</kw>
<status status="FAIL" starttime="20200812 12:29:39.328" endtime="20200812 12:29:46.984"></status>
</kw>
<kw name="Fechar Navegador" library="base" type="teardown">
<kw name="Close Browser" library="SeleniumLibrary">
<doc>Closes the current browser.</doc>
<status status="PASS" starttime="20200812 12:29:46.985" endtime="20200812 12:29:49.119"></status>
</kw>
<status status="PASS" starttime="20200812 12:29:46.985" endtime="20200812 12:29:49.119"></status>
</kw>
<status status="FAIL" starttime="20200812 12:29:26.834" endtime="20200812 12:29:49.120" critical="yes">Imagem visível</status>
</test>
<status status="FAIL" starttime="20200812 12:29:26.592" endtime="20200812 12:29:49.122"></status>
</suite>
<statistics>
<total>
<stat pass="0" fail="1">Critical Tests</stat>
<stat pass="0" fail="1">All Tests</stat>
</total>
<tag>
</tag>
<suite>
<stat pass="0" fail="1" id="s1" name="TC14">TC14</stat>
</suite>
</statistics>
<errors>
</errors>
</robot>
